1576130758543	mozrunner::runner	INFO	Running command: "C:\\Program Files (x86)\\Mozilla Firefox\\firefox.exe" "-marionette" "-foreground" "-no-remote" "-profile" "C:\\Users\\Saloni\\AppData\\Local\\Temp\\rust_mozprofile.MOn5FVdJ9fkp"
1576130759120	addons.webextension.screenshots@mozilla.org	WARN	Loading extension 'screenshots@mozilla.org': Reading manifest: Invalid host permission: resource://pdf.js/
1576130759120	addons.webextension.screenshots@mozilla.org	WARN	Loading extension 'screenshots@mozilla.org': Reading manifest: Invalid host permission: about:reader*
1576130762314	Marionette	INFO	Listening on port 51646
1576130762724	Marionette	WARN	TLS certificate errors will be ignored for this session
JavaScript error: resource://gre/modules/WebProgressChild.jsm, line 58: TypeError: this.mm.content is null
[1576130816789	Marionette	INFO	Stopped listening on port 51646
[GPU 10736, 
###!!! [Child][MessageChannel::SendAndWait] Error: Channel error: cannot send/recv

1576130824791	mozrunner::runner	INFO	Running command: "C:\\Program Files (x86)\\Mozilla Firefox\\firefox.exe" "-marionette" "-foreground" "-no-remote" "-profile" "C:\\Users\\Saloni\\AppData\\Local\\Temp\\rust_mozprofile.AUDQuwPAKa1k"
1576130825458	addons.webextension.screenshots@mozilla.org	WARN	Loading extension 'screenshots@mozilla.org': Reading manifest: Invalid host permission: resource://pdf.js/
1576130825458	addons.webextension.screenshots@mozilla.org	WARN	Loading extension 'screenshots@mozilla.org': Reading manifest: Invalid host permission: about:reader*
[GFX1-]: ClientLayerManager::BeginTransaction with IPC channel down. GPU process may have died.
1576130828277	Marionette	INFO	Listening on port 51752
1576130828435	Marionette	WARN	TLS certificate errors will be ignored for this session
1576130837443	Marionette	INFO	Stopped listening on port 51752
[Child 12184, Chrome_ChildThread] WARNING: pipe error: 109: file z:/build/build/src/ipc/chromium/src/chrome/common/ipc_channel_win.cc, line 332
[Child 12184[Child 10952, Chrome_ChildThread] WARNING: pipe error: 109: file z:/build/build/src/ipc/chromium/src/chrome/common/ipc_channel_win.cc, line 332
[Child 10952, C[GPU 11224, 
###!!! [Child][MessageChannel::SendAndWait] Error: Channel error: cannot send/recv

1576131028763	mozrunner::runner	INFO	Running command: "C:\\Program Files (x86)\\Mozilla Firefox\\firefox.exe" "-marionette" "-foreground" "-no-remote" "-profile" "C:\\Users\\Saloni\\AppData\\Local\\Temp\\rust_mozprofile.JqSptDHlbkMP"
1576131029208	addons.webextension.screenshots@mozilla.org	WARN	Loading extension 'screenshots@mozilla.org': Reading manifest: Invalid host permission: resource://pdf.js/
1576131029209	addons.webextension.screenshots@mozilla.org	WARN	Loading extension 'screenshots@mozilla.org': Reading manifest: Invalid host permission: about:reader*
1576131032380	Marionette	INFO	Listening on port 51899
1576131032445	Marionette	WARN	TLS certificate errors will be ignored for this session
1576131041260	Marionette	INFO	Stopped listening on port 51899
[Child 1116, Chrome_ChildThread] WARNING: pipe error: 109: file z:/build/build/src/ipc/chromium/src/chrome/common/ipc_channel_win.cc, line 332
[Child 1116, Ch[Parent 12096, Gecko_IOThread] WARNING: pipe error: 109: file z:/build/build/src/ipc/chromium/src/chrome/common/ipc_channel_win.cc, line 332
[Child 6256, Chrome_ChildThread] WARNING: pipe error: 109: file z:/build/build/src/ipc/chromium/src/chrome/common/ipc_channel_win.cc, line 332
[Child 6256
###!!! [Child][RunMessage] Error: Channel closing: too late to send/recv, messages will be lost

[GPU 9932, Ch
###!!! [Child][MessageChannel::SendAndWait] Error: Channel error: cannot send/recv

1576131098124	mozrunner::runner	INFO	Running command: "C:\\Program Files (x86)\\Mozilla Firefox\\firefox.exe" "-marionette" "-foreground" "-no-remote" "-profile" "C:\\Users\\Saloni\\AppData\\Local\\Temp\\rust_mozprofile.ZL4vImkfYuoc"
1576131098574	addons.webextension.screenshots@mozilla.org	WARN	Loading extension 'screenshots@mozilla.org': Reading manifest: Invalid host permission: resource://pdf.js/
1576131098574	addons.webextension.screenshots@mozilla.org	WARN	Loading extension 'screenshots@mozilla.org': Reading manifest: Invalid host permission: about:reader*
1576131101447	Marionette	INFO	Listening on port 51982
1576131101776	Marionette	WARN	TLS certificate errors will be ignored for this session
1576131110292	Marionette	INFO	Stopped listening on port 51982
[Parent 7100, Gecko_IOThread] WARNING: pipe error: 109: file z:/build/build/src/ipc/chromium/src/chrome/common/ipc_channel_win.cc, line 332
[Child 9108, Chrome_ChildThread] WARNING: pipe error: 109: file z:/build/build/src/ipc/chromium/src/chrome/common/ipc_channel_win.cc, line 332
[Child 9108, Chrom[Child 8736, Chrome_ChildThread] WARNING: pipe error: 109: file z:/build/build/src/ipc/chr
###!!! [Child][RunMessage] Error: Channel closing: too late to send/recv, messages will be lost

[GPU 6960,
###!!! [Child][MessageChannel::SendAndWait] Error: Channel error: cannot send/recv

1576131114918	mozrunner::runner	INFO	Running command: "C:\\Program Files (x86)\\Mozilla Firefox\\firefox.exe" "-marionette" "-foreground" "-no-remote" "-profile" "C:\\Users\\Saloni\\AppData\\Local\\Temp\\rust_mozprofile.5jR3H3A46QW9"
1576131115353	addons.webextension.screenshots@mozilla.org	WARN	Loading extension 'screenshots@mozilla.org': Reading manifest: Invalid host permission: resource://pdf.js/
1576131115353	addons.webextension.screenshots@mozilla.org	WARN	Loading extension 'screenshots@mozilla.org': Reading manifest: Invalid host permission: about:reader*
1576131118296	Marionette	INFO	Listening on port 52044
1576131118574	Marionette	WARN	TLS certificate errors will be ignored for this session
1576131132260	Marionette	INFO	Stopped listening on port 52044
[Child 11680, Chrome_ChildThread] WARNING: pipe error: 109: file z:/build/build/src/ipc/chromium/src/chrome/common/ipc_channel_win.cc, line 332
[Child 11680, Chrom[GPU 6912, Chrome_ChildThread] WARNING: pipe error: 109
###!!! [Child][RunMessage] Error: Channel closing: too late to send/recv, messages will be lost

: file z:/build/build/sr
###!!! [Child][MessageChannel::SendAndWait] Error: Channel error: cannot send/recv

ots@mozilla.org': Reading manifest: Invalid host permission: about:reader*
1576131129903	Marionette	INFO	Listening on port 52098
1576131130200	Marionette	WARN	TLS certificate errors will be ignored for this session
1576131144527	Marionette	INFO	Stopped listening on port 52098
[GPU 9424, Chrome_C
###!!! [Child][MessageChannel::SendAndWait] Error: Channel error: cannot send/recv

1576131699053	mozrunner::runner	INFO	Running command: "C:\\Program Files (x86)\\Mozilla Firefox\\firefox.exe" "-marionette" "-foreground" "-no-remote" "-profile" "C:\\Users\\Saloni\\AppData\\Local\\Temp\\rust_mozprofile.lyCosMu9z0pi"
1576131699970	addons.webextension.screenshots@mozilla.org	WARN	Loading extension 'screenshots@mozilla.org': Reading manifest: Invalid host permission: resource://pdf.js/
1576131699970	addons.webextension.screenshots@mozilla.org	WARN	Loading extension 'screenshots@mozilla.org': Reading manifest: Invalid host permission: about:reader*
1576131703588	Marionette	INFO	Listening on port 52402
1576131703884	Marionette	WARN	TLS certificate errors will be ignored for this session
1576131713826	Marionette	INFO	Stopped listening on port 52402
[Parent 11176, Gecko_IOThread] WARNING: pipe error: 109: file z:/build/build/src/ipc/chromium/src/chrome/common/ipc_channel_win.cc, line 332
[Child 6344, Chrome_ChildThread] WARNING: pipe error: 109: file z:/build/build/src/ipc/chromium/src/chrome/common/ipc_channel_win.cc, line 332
[Child 6344,[Parent 11176, Gecko_IOThread] WARNING: pipe error: 109: file z:/build/build/src/ipc/chromium/src/chrome/common/ipc_channel_win.cc, line 332
[Child 9064, Chrome_ChildThread] WARNING: pipe error: 109: file z:/build/build/src/ipc/chromium/src/chrome/common/ipc_channel_win.cc, line 332
[Child 9064, 
###!!! [Child][RunMessage] Error: Channel closing: too late to send/recv, messages will be lost

[GPU 4164, C
###!!! [Child][MessageChannel::SendAndWait] Error: Channel error: cannot send/recv

1576131718881	mozrunner::runner	INFO	Running command: "C:\\Program Files (x86)\\Mozilla Firefox\\firefox.exe" "-marionette" "-foreground" "-no-remote" "-profile" "C:\\Users\\Saloni\\AppData\\Local\\Temp\\rust_mozprofile.USqXxoAJ9peE"
1576131719632	addons.webextension.screenshots@mozilla.org	WARN	Loading extension 'screenshots@mozilla.org': Reading manifest: Invalid host permission: resource://pdf.js/
1576131719632	addons.webextension.screenshots@mozilla.org	WARN	Loading extension 'screenshots@mozilla.org': Reading manifest: Invalid host permission: about:reader*
1576131723320	Marionette	INFO	Listening on port 52464
1576131723630	Marionette	WARN	TLS certificate errors will be ignored for this session
[Child 2836, Chrome_ChildThread] WARNING: pipe error: 109: file z:/build/build/src/ipc/chromium/src/chrome/common/ipc_channel_win.cc, line 332
[Child 2836[Parent 4572, Gecko_IOThread] WARNING: pipe error: 109: file z:/build/build/src/ipc/chromium/src/chrome/common/ipc_channel_win.cc, line 332
[Child 7548, Chrome_ChildThread] WARNING: pipe error: 109: file z:/build/build/src/ipc/chromium/src/chrome/common/ipc_channel_win.cc, line 332
[Child 7548, Chrome_1576131746061	Marionette	INFO	Stopped listening on port 52464

###!!! [Child][RunMessage] Error: Channel closing: too late to send/recv, messages will be lost

[GPU 11820
###!!! [Child][MessageChannel::SendAndWait] Error: Channel error: cannot send/recv

1576131789588	mozrunner::runner	INFO	Running command: "C:\\Program Files (x86)\\Mozilla Firefox\\firefox.exe" "-marionette" "-foreground" "-no-remote" "-profile" "C:\\Users\\Saloni\\AppData\\Local\\Temp\\rust_mozprofile.HpAXkPXqzcsC"
1576131790458	addons.webextension.screenshots@mozilla.org	WARN	Loading extension 'screenshots@mozilla.org': Reading manifest: Invalid host permission: resource://pdf.js/
1576131790458	addons.webextension.screenshots@mozilla.org	WARN	Loading extension 'screenshots@mozilla.org': Reading manifest: Invalid host permission: about:reader*
1576131794347	Marionette	INFO	Listening on port 52549
1576131794442	Marionette	WARN	TLS certificate errors will be ignored for this session
1576131803756	Marionette	INFO	Stopped listening on port 52549
[Child 8896, Chrome_ChildThread] WARNING: pipe error: 109: file z:/build/build/src/ipc/chromium/src/chrome/common/ipc_channel_win.cc, line 332
[Child 8896, Chrome_ChildThread] WA
###!!! [Child][RunMessage] Error: Channel closing: too late to send/recv, messages will be lost

[GPU 9568, Chrome_ChildT
###!!! [Child][MessageChannel::SendAndWait] Error: Channel error: cannot send/recv

1576131809054	mozrunner::runner	INFO	Running command: "C:\\Program Files (x86)\\Mozilla Firefox\\firefox.exe" "-marionette" "-foreground" "-no-remote" "-profile" "C:\\Users\\Saloni\\AppData\\Local\\Temp\\rust_mozprofile.pBIJEqew4B5y"
1576131809814	addons.webextension.screenshots@mozilla.org	WARN	Loading extension 'screenshots@mozilla.org': Reading manifest: Invalid host permission: resource://pdf.js/
1576131809815	addons.webextension.screenshots@mozilla.org	WARN	Loading extension 'screenshots@mozilla.org': Reading manifest: Invalid host permission: about:reader*
1576131813733	Marionette	INFO	Listening on port 52606
1576131813809	Marionette	WARN	TLS certificate errors will be ignored for this session
1576131820774	Marionette	INFO	Stopped listening on port 52606
[Child 4752, Chrome_ChildThread] WARNING: pipe error: 109: file z:/build/build/src/ipc/chromium/src/chrome/common/ipc_channel_win.cc, line 332
[Child 475[Parent 6088, Gecko_IOThread] WARNING: pipe error: 109: file z:/build/build/src/ipc/chromium/src/chrome/common/ipc_channel_win.cc, line 332
[Child 9908, Chrome_ChildThread] WARNING: pipe error: 109: file z:/build/build/src/ipc/chromium/src/chrome/common/ipc_channel_win.cc, line 332
[Child 9908, Chr[Parent 6088, Gecko_IOThread] WARNING: pipe error: 109: file z:/build/build/src/ipc/chromium/src/chrome/common/ipc_channel_win.cc, line 332
[Child 10652, Chrome_ChildThread] WARNING: pipe error: 109: file z:/build/build/src/ipc/chromium/src/chrome/common/ipc_channel_win.cc, line 332
[Child 10652, Chr[GPU 8236, 
###!!! [Child][RunMessage] Error: Channel closing: too late to send/recv, messages will be lost


###!!! [Child][MessageChannel::SendAndWait] Error: Channel error: cannot send/recv

1576131826139	mozrunner::runner	INFO	Running command: "C:\\Program Files (x86)\\Mozilla Firefox\\firefox.exe" "-marionette" "-foreground" "-no-remote" "-profile" "C:\\Users\\Saloni\\AppData\\Local\\Temp\\rust_mozprofile.oE0wqgbx0PT9"
1576131827016	addons.webextension.screenshots@mozilla.org	WARN	Loading extension 'screenshots@mozilla.org': Reading manifest: Invalid host permission: resource://pdf.js/
1576131827016	addons.webextension.screenshots@mozilla.org	WARN	Loading extension 'screenshots@mozilla.org': Reading manifest: Invalid host permission: about:reader*
1576131832795	Marionette	INFO	Listening on port 52661
1576131833143	Marionette	WARN	TLS certificate errors will be ignored for this session
[Child 10736, C[Child 10364, Chrome_ChildThread] WARNING: pipe error: 109: file z:/build/build/src/ipc/chromium/src/chrome/common/ipc_channel_win.cc, line 332
[Child 10364, Ch1576131848784	Marionette	INFO	Stopped listening on port 52661

###!!! [Child][RunMessage] Error: Channel closing: too late to send/recv, messages will be lost

[GPU 877
###!!! [Child][MessageChannel::SendAndWait] Error: Channel error: cannot send/recv

1576132258439	mozrunner::runner	INFO	Running command: "C:\\Program Files (x86)\\Mozilla Firefox\\firefox.exe" "-marionette" "-foreground" "-no-remote" "-profile" "C:\\Users\\Saloni\\AppData\\Local\\Temp\\rust_mozprofile.kFbpLYQJf2Pz"
1576132259245	addons.webextension.screenshots@mozilla.org	WARN	Loading extension 'screenshots@mozilla.org': Reading manifest: Invalid host permission: resource://pdf.js/
1576132259246	addons.webextension.screenshots@mozilla.org	WARN	Loading extension 'screenshots@mozilla.org': Reading manifest: Invalid host permission: about:reader*
1576132262983	Marionette	INFO	Listening on port 52920
1576132263353	Marionette	WARN	TLS certificate errors will be ignored for this session
[Child 10372, Chrome_ChildThread] WARNING: pipe error: 109: file z:/build/build/src/ipc/chromium/src/chrome/common/ipc_channel_win.cc, line 332
[Child 10372, ChromJavaScript error: resource://gre/modules/WebProgressChild.jsm, line 58: TypeError: this.mm.content is null
JavaScript error: https://mail.google.com/_/scs/mail-static/_/js/k=gmail.main.en_GB.zH-3iNH0c5c.O/am=X6Ofg_CA4CXwZWcEMCAGo0KOe_g9KQX6Jk8WJ8BDjGgAtDqgDwAAAAAAAAAAAAAAAAAAAPagsRI/d=1/im=1/dg=0/ct=zgms/rs=AHGWq9CDq-OjU_QEQBnlyUa5pbIcUw1QAg/m=b, line 816: NS_ERROR_NOT_INITIALIZED: 
1576132296220	Marionette	INFO	Stopped listening on port 52920

###!!! [Child][RunMessage] Error: Channel closing: too late to send/recv, messages will be lost

[GPU 5872, 
###!!! [Child][MessageChannel::SendAndWait] Error: Channel error: cannot send/recv

rome/common/ipc_channel_win.cc, line 332
[Child 8520, Chrom[Parent 10784, Gecko_IOThread] WARNING: pipe error: 109: file z:/build/build/src/ipc/chromium/src/chrome/common/ipc_channel_win.cc, line 332
[Child 8584, Chrome_ChildThread] WARNING: pipe error: 109: file z:/build/build/src/ipc/chromium/src/chrome/common/ipc_channel_win.cc, line 332
[Child 8584, 1576132293468	Marionette	INFO	Stopped listening on port 52978
[GPU 10296, Chrom
###!!! [Child][MessageChannel::SendAndWait] Error: Channel error: cannot send/recv

